<?xml version="1.0" encoding="UTF-8"?>
<!-- Generated by org.testng.reporters.JUnitXMLReporter -->
<testsuite ignored="3" hostname="DESKTOP-3K9HUG1" failures="0" tests="2" name="Test" time="46.409" errors="0" timestamp="2022-08-18T10:41:15 IST">
  <testcase classname="com.testyourskill.genericutility.BaseClass" name="@BeforeClass confgBC" time="46.314">
    <failure type="org.openqa.selenium.WebDriverException" message="unknown error: net::ERR_CONNECTION_TIMED_OUT
  (Session info: chrome=104.0.5112.81)
Build info: version: &amp;apos;3.141.59&amp;apos;, revision: &amp;apos;e82be7d358&amp;apos;, time: &amp;apos;2018-11-14T08:17:03&amp;apos;
System info: host: &amp;apos;DESKTOP-3K9HUG1&amp;apos;, ip: &amp;apos;192.168.0.240&amp;apos;, os.name: &amp;apos;Windows 10&amp;apos;, os.arch: &amp;apos;amd64&amp;apos;, os.version: &amp;apos;10.0&amp;apos;, java.version: &amp;apos;17.0.2&amp;apos;
Driver info: org.openqa.selenium.chrome.ChromeDriver
Capabilities {acceptInsecureCerts: false, browserName: chrome, browserVersion: 104.0.5112.81, chrome: {chromedriverVersion: 104.0.5112.20 (9ac43f954ebb..., userDataDir: C:\Users\DELL\AppData\Local...}, goog:chromeOptions: {debuggerAddress: localhost:60334}, javascriptEnabled: true, networkConnectionEnabled: false, pageLoadStrategy: normal, platform: WINDOWS, platformName: WINDOWS, proxy: Proxy(), setWindowRect: true, strictFileInteractability: false, timeouts: {implicit: 0, pageLoad: 300000, script: 30000}, unhandledPromptBehavior: dismiss and notify, webauthn:extension:credBlob: true, webauthn:extension:largeBlob: true, webauthn:virtualAuthenticators: true}
Session ID: 0980a5f77bc1e366a7545670dc788bac">
      <![CDATA[org.openqa.selenium.WebDriverException: unknown error: net::ERR_CONNECTION_TIMED_OUT
  (Session info: chrome=104.0.5112.81)
Build info: version: '3.141.59', revision: 'e82be7d358', time: '2018-11-14T08:17:03'
System info: host: 'DESKTOP-3K9HUG1', ip: '192.168.0.240', os.name: 'Windows 10', os.arch: 'amd64', os.version: '10.0', java.version: '17.0.2'
Driver info: org.openqa.selenium.chrome.ChromeDriver
Capabilities {acceptInsecureCerts: false, browserName: chrome, browserVersion: 104.0.5112.81, chrome: {chromedriverVersion: 104.0.5112.20 (9ac43f954ebb..., userDataDir: C:\Users\DELL\AppData\Local...}, goog:chromeOptions: {debuggerAddress: localhost:60334}, javascriptEnabled: true, networkConnectionEnabled: false, pageLoadStrategy: normal, platform: WINDOWS, platformName: WINDOWS, proxy: Proxy(), setWindowRect: true, strictFileInteractability: false, timeouts: {implicit: 0, pageLoad: 300000, script: 30000}, unhandledPromptBehavior: dismiss and notify, webauthn:extension:credBlob: true, webauthn:extension:largeBlob: true, webauthn:virtualAuthenticators: true}
Session ID: 0980a5f77bc1e366a7545670dc788bac
at org.openqa.selenium.remote.http.W3CHttpResponseCodec.createException(W3CHttpResponseCodec.java:187)
at org.openqa.selenium.remote.http.W3CHttpResponseCodec.decode(W3CHttpResponseCodec.java:122)
at org.openqa.selenium.remote.http.W3CHttpResponseCodec.decode(W3CHttpResponseCodec.java:49)
at org.openqa.selenium.remote.HttpCommandExecutor.execute(HttpCommandExecutor.java:158)
at org.openqa.selenium.remote.service.DriverCommandExecutor.execute(DriverCommandExecutor.java:83)
at org.openqa.selenium.remote.RemoteWebDriver.execute(RemoteWebDriver.java:552)
at org.openqa.selenium.remote.RemoteWebDriver.get(RemoteWebDriver.java:277)
at com.testyourskill.genericutility.BaseClass.confgBC(BaseClass.java:47)
at java.base/java.util.ArrayList.forEach(ArrayList.java:1511)
at java.base/java.util.concurrent.FutureTask.run(FutureTask.java:264)
at java.base/java.util.concurrent.ThreadPoolExecutor.runWorker(ThreadPoolExecutor.java:1136)
at java.base/java.util.concurrent.ThreadPoolExecutor$Worker.run(ThreadPoolExecutor.java:635)
at java.base/java.lang.Thread.run(Thread.java:833)
... Removed 21 stack frames]]>
    </failure>
  </testcase> <!-- @BeforeClass confgBC -->
  <testcase classname="com.testyourskill.genericutility.BaseClass" name="@BeforeMethod configBM" time="-1.660799475221E9">
    <skipped/>
  </testcase> <!-- @BeforeMethod configBM -->
  <testcase classname="com.testyourskill.genericutility.BaseClass" name="@AfterMethod confgAM" time="-1.660799475235E9">
    <skipped/>
  </testcase> <!-- @AfterMethod confgAM -->
  <testcase classname="com.testyourskill.genericutility.BaseClass" name="@BeforeMethod configBM" time="-1.660799475241E9">
    <skipped/>
  </testcase> <!-- @BeforeMethod configBM -->
  <testcase classname="com.testyourskill.genericutility.BaseClass" name="@AfterMethod confgAM" time="-1.660799475252E9">
    <skipped/>
  </testcase> <!-- @AfterMethod confgAM -->
  <testcase classname="com.testyourskill.genericutility.BaseClass" name="@AfterClass configAC" time="-1.660799475256E9">
    <skipped/>
  </testcase> <!-- @AfterClass configAC -->
  <testcase classname="com.testyourskill.PRACTICE.StudentSignup22" name="signup" time="0.0">
    <skipped/>
  </testcase> <!-- signup -->
  <testcase classname="com.testyourskill.PRACTICE.StudentSignup22" name="stdtakeTest" time="0.0">
    <skipped/>
  </testcase> <!-- stdtakeTest -->
  <testcase classname="com.testyourskill.PRACTICE.StudentSignup22" name="LoginAdmin" time="0.0">
    <ignored/>
  </testcase> <!-- LoginAdmin -->
  <testcase classname="com.testyourskill.PRACTICE.StudentSignup22" name="Studentouut" time="0.0">
    <ignored/>
  </testcase> <!-- Studentouut -->
  <testcase classname="com.testyourskill.PRACTICE.StudentSignup22" name="AttendQuiz" time="0.0">
    <ignored/>
  </testcase> <!-- AttendQuiz -->
</testsuite> <!-- Test -->
